<?xml version="1.0" encoding="UTF-8"?>
<!-- Generated by org.testng.reporters.JUnitReportReporter -->
<testsuite hostname="DESKTOP-KDORLVJ" failures="0" tests="4" name="api.test.UserTests2" time="10.542" errors="0" timestamp="2023-03-23T21:45:49 IST" skipped="0">
  <testcase classname="api.test.UserTests2" name="testPostUser" time="4.379"/>
  <system-out/>
  <testcase classname="api.test.UserTests2" name="testGetuserByName" time="1.526"/>
  <system-out/>
  <testcase classname="api.test.UserTests2" name="testUpdateUserByName" time="3.049"/>
  <system-out/>
  <testcase classname="api.test.UserTests2" name="testDeleteByName" time="1.588"/>
  <system-out/>
</testsuite> <!-- api.test.UserTests2 -->
