<?xml version="1.0" encoding="UTF-8"?>
<!-- Generated by org.testng.reporters.JUnitReportReporter -->
<testsuite hostname="DESKTOP-KDORLVJ" failures="0" tests="8" name="api.test.DataDrivenTests" time="20.203" errors="0" timestamp="2023-03-23T17:57:21 IST" skipped="0">
  <testcase classname="api.test.DataDrivenTests" name="testPostUser" time="2.235"/>
  <system-out/>
  <testcase classname="api.test.DataDrivenTests" name="testPostUser" time="2.206"/>
  <system-out/>
  <testcase classname="api.test.DataDrivenTests" name="testPostUser" time="4.270"/>
  <system-out/>
  <testcase classname="api.test.DataDrivenTests" name="testPostUser" time="1.856"/>
  <system-out/>
  <testcase classname="api.test.DataDrivenTests" name="testDeleteByUserName" time="2.389"/>
  <system-out/>
  <testcase classname="api.test.DataDrivenTests" name="testDeleteByUserName" time="2.232"/>
  <system-out/>
  <testcase classname="api.test.DataDrivenTests" name="testDeleteByUserName" time="2.235"/>
  <system-out/>
  <testcase classname="api.test.DataDrivenTests" name="testDeleteByUserName" time="2.780"/>
  <system-out/>
</testsuite> <!-- api.test.DataDrivenTests -->
