<?xml version="1.0" encoding="UTF-8"?>
<!-- Generated by org.testng.reporters.JUnitReportReporter -->
<testsuite hostname="DESKTOP-KDORLVJ" failures="0" tests="4" name="api.test.UserTests" time="9.675" errors="0" timestamp="2023-03-23T19:00:08 IST" skipped="0">
  <testcase classname="api.test.UserTests" name="testPostUser" time="3.704"/>
  <system-out/>
  <testcase classname="api.test.UserTests" name="testGetuserByName" time="1.537"/>
  <system-out/>
  <testcase classname="api.test.UserTests" name="testUpdateUserByName" time="2.942"/>
  <system-out/>
  <testcase classname="api.test.UserTests" name="testDeleteByName" time="1.492"/>
  <system-out/>
</testsuite> <!-- api.test.UserTests -->
