<?xml version="1.0" encoding="UTF-8"?>
<!-- Generated by org.testng.reporters.JUnitReportReporter -->
<testsuite hostname="DESKTOP-KDORLVJ" failures="0" tests="4" name="api.test.UserTests2" time="9.663" errors="0" timestamp="2023-03-25T20:40:47 IST" skipped="0">
  <testcase classname="api.test.UserTests2" name="testPostUser" time="3.721"/>
  <system-out/>
  <testcase classname="api.test.UserTests2" name="testGetuserByName" time="1.504"/>
  <system-out/>
  <testcase classname="api.test.UserTests2" name="testUpdateUserByName" time="2.936"/>
  <system-out/>
  <testcase classname="api.test.UserTests2" name="testDeleteByName" time="1.502"/>
  <system-out/>
</testsuite> <!-- api.test.UserTests2 -->
