<?xml version="1.0" encoding="UTF-8"?>
<!-- Generated by org.testng.reporters.JUnitReportReporter -->
<testsuite hostname="DESKTOP-KDORLVJ" failures="0" tests="4" name="api.test.UserTests2" time="10.244" errors="0" timestamp="2023-03-26T00:40:25 IST" skipped="0">
  <testcase classname="api.test.UserTests2" name="testPostUser" time="4.092"/>
  <system-out/>
  <testcase classname="api.test.UserTests2" name="testGetuserByName" time="1.546"/>
  <system-out/>
  <testcase classname="api.test.UserTests2" name="testUpdateUserByName" time="3.014"/>
  <system-out/>
  <testcase classname="api.test.UserTests2" name="testDeleteByName" time="1.592"/>
  <system-out/>
</testsuite> <!-- api.test.UserTests2 -->
