<?xml version="1.0" encoding="UTF-8"?>
<!-- Generated by org.testng.reporters.JUnitReportReporter -->
<testsuite hostname="DESKTOP-KDORLVJ" failures="0" tests="4" name="api.test.UserTests2" time="10.210" errors="0" timestamp="2023-03-26T14:39:23 IST" skipped="0">
  <testcase classname="api.test.UserTests2" name="testPostUser" time="4.108"/>
  <system-out/>
  <testcase classname="api.test.UserTests2" name="testGetuserByName" time="1.505"/>
  <system-out/>
  <testcase classname="api.test.UserTests2" name="testUpdateUserByName" time="3.060"/>
  <system-out/>
  <testcase classname="api.test.UserTests2" name="testDeleteByName" time="1.537"/>
  <system-out/>
</testsuite> <!-- api.test.UserTests2 -->
