<?xml version="1.0" encoding="UTF-8"?>
<!-- Generated by org.testng.reporters.JUnitReportReporter -->
<testsuite hostname="DESKTOP-KDORLVJ" failures="0" tests="4" name="api.test.UserTests2" time="10.266" errors="0" timestamp="2023-03-24T14:23:39 IST" skipped="0">
  <testcase classname="api.test.UserTests2" name="testPostUser" time="4.158"/>
  <system-out/>
  <testcase classname="api.test.UserTests2" name="testGetuserByName" time="1.535"/>
  <system-out/>
  <testcase classname="api.test.UserTests2" name="testUpdateUserByName" time="3.019"/>
  <system-out/>
  <testcase classname="api.test.UserTests2" name="testDeleteByName" time="1.554"/>
  <system-out/>
</testsuite> <!-- api.test.UserTests2 -->
